#
# A fatal error has been detected by the Java Runtime Environment:
#
#  EXCEPTION_ACCESS_VIOLATION (0xc0000005) at pc=0x00000000699d8ad5, pid=12372, tid=7196
#
# JRE version: Java(TM) SE Runtime Environment (8.0_73-b02) (build 1.8.0_73-b02)
# Java VM: Java HotSpot(TM) 64-Bit Server VM (25.73-b02 mixed mode windows-amd64 compressed oops)
# Problematic frame:
# V  [jvm.dll+0x128ad5]
#
# Failed to write core dump. Minidumps are not enabled by default on client versions of Windows
#
# If you would like to submit a bug report, please visit:
#   http://bugreport.java.com/bugreport/crash.jsp
#

---------------  T H R E A D  ---------------

Current thread (0x000000001d35f800):  JavaThread "JDWP Transport Listener: dt_socket" daemon [_thread_in_vm, id=7196, stack(0x000000001dec0000,0x000000001dfc0000)]

siginfo: ExceptionCode=0xc0000005, reading address 0xffffffffffffffff

Registers:
RAX=0x000000001dfbf501, RBX=0x000000001d35f800, RCX=0x61636f4c246c6f6f, RDX=0x0000000000000000
RSP=0x000000001dfbf550, RBP=0x61636f4c246c6f6f, RSI=0x000000001dfbf668, RDI=0x000000000236bd20
R8 =0x000000001d35f800, R9 =0x000000000000ff00, R10=0x546c696174654464, R11=0x4a001d8903aa015e
R12=0x0000000000000000, R13=0x000000001d360188, R14=0x0000000000000000, R15=0x0000000000000000
RIP=0x00000000699d8ad5, EFLAGS=0x0000000000010206

Top of Stack: (sp=0x000000001dfbf550)
0x000000001dfbf550:   000000001d35f800 000000001d35f800
0x000000001dfbf560:   000000001dfbf618 0000000069bde34b
0x000000001dfbf570:   000000001d35f800 0000000069bfabad
0x000000001dfbf580:   0000000000000083 00000000611a9155
0x000000001dfbf590:   0000000022625130 00000000611b291e
0x000000001dfbf5a0:   000000001d35f800 0000000000000000
0x000000001dfbf5b0:   0000000000000000 0000000000000000
0x000000001dfbf5c0:   61636f4c246c6f6f 00000000611b1a15
0x000000001dfbf5d0:   000000001dfbf668 000000001dfbf640
0x000000001dfbf5e0:   0000000000000001 0000000022625130
0x000000001dfbf5f0:   61636f4c246c6f6f 00000000611953b3
0x000000001dfbf600:   000000001dfbf730 0000000000000001
0x000000001dfbf610:   0000000000000001 0000000022625130
0x000000001dfbf620:   0000000000000002 0000000000000000
0x000000001dfbf630:   0000000000000000 0000000000000000
0x000000001dfbf640:   0000000000000001 0000000061195571 

Instructions: (pc=0x00000000699d8ad5)
0x00000000699d8ab5:   cc cc cc cc cc cc cc cc cc cc cc 48 83 ec 28 48
0x00000000699d8ac5:   85 c9 75 07 33 c0 48 83 c4 28 c3 48 89 5c 24 20
0x00000000699d8ad5:   48 8b 19 48 85 db 74 20 48 83 fb 37 74 1a 48 8b
0x00000000699d8ae5:   13 48 8b cb ff 52 10 84 c0 74 0d 48 8b c3 48 8b 


Register to memory mapping:

RAX=0x000000001dfbf501 is pointing into the stack for thread: 0x000000001d35f800
RBX=0x000000001d35f800 is a thread
RCX=0x61636f4c246c6f6f is an unknown value
RDX=0x0000000000000000 is an unknown value
RSP=0x000000001dfbf550 is pointing into the stack for thread: 0x000000001d35f800
RBP=0x61636f4c246c6f6f is an unknown value
RSI=0x000000001dfbf668 is pointing into the stack for thread: 0x000000001d35f800
RDI=0x000000000236bd20 is an unknown value
R8 =0x000000001d35f800 is a thread
R9 =0x000000000000ff00 is an unknown value
R10=0x546c696174654464 is an unknown value
R11=0x4a001d8903aa015e is an unknown value
R12=0x0000000000000000 is an unknown value
R13=0x000000001d360188 is an unknown value
R14=0x0000000000000000 is an unknown value
R15=0x0000000000000000 is an unknown value


Stack: [0x000000001dec0000,0x000000001dfc0000],  sp=0x000000001dfbf550,  free space=1021k
Native frames: (J=compiled Java code, j=interpreted, Vv=VM code, C=native code)
V  [jvm.dll+0x128ad5]
V  [jvm.dll+0x34abad]
C  [jdwp.dll+0x21a15]
C  [jdwp.dll+0x53b3]
C  [jdwp.dll+0x5571]
C  [jdwp.dll+0xf0a8]
C  [jdwp.dll+0x1f2d5]
C  [jdwp.dll+0x1f4aa]
V  [jvm.dll+0x1bbb58]
V  [jvm.dll+0x243234]
V  [jvm.dll+0x29a10a]
C  [msvcr100.dll+0x21d9f]
C  [msvcr100.dll+0x21e3b]
C  [kernel32.dll+0x1556d]
C  [ntdll.dll+0x5385d]


---------------  P R O C E S S  ---------------

Java Threads: ( => current thread )
  0x0000000023b4a000 JavaThread "schedule-pool-9" daemon [_thread_blocked, id=11004, stack(0x0000000035fa0000,0x00000000360a0000)]
  0x0000000023b49800 JavaThread "schedule-pool-8" daemon [_thread_blocked, id=13704, stack(0x0000000036280000,0x0000000036380000)]
  0x0000000023b48800 JavaThread "schedule-pool-7" daemon [_thread_blocked, id=13488, stack(0x00000000203d0000,0x00000000204d0000)]
  0x0000000023b48000 JavaThread "schedule-pool-6" daemon [_thread_blocked, id=11316, stack(0x0000000035de0000,0x0000000035ee0000)]
  0x0000000023b46800 JavaThread "schedule-pool-5" daemon [_thread_blocked, id=12776, stack(0x000000001edb0000,0x000000001eeb0000)]
  0x0000000023b45800 JavaThread "schedule-pool-4" daemon [_thread_blocked, id=15004, stack(0x0000000035ce0000,0x0000000035de0000)]
  0x00000000210ec800 JavaThread "schedule-pool-3" daemon [_thread_blocked, id=14228, stack(0x0000000036140000,0x0000000036240000)]
  0x00000000210ec000 JavaThread "schedule-pool-2" daemon [_thread_blocked, id=15208, stack(0x0000000034cc0000,0x0000000034dc0000)]
  0x00000000210eb000 JavaThread "schedule-pool-1" daemon [_thread_blocked, id=15204, stack(0x0000000035390000,0x0000000035490000)]
  0x00000000210ea800 JavaThread "DestroyJavaVM" [_thread_blocked, id=11996, stack(0x0000000002690000,0x0000000002790000)]
  0x00000000210e9800 JavaThread "http-nio-8280-AsyncTimeout" daemon [_thread_blocked, id=9564, stack(0x0000000034f00000,0x0000000035000000)]
  0x00000000210e9000 JavaThread "http-nio-8280-Acceptor-0" daemon [_thread_in_native, id=8588, stack(0x0000000035010000,0x0000000035110000)]
  0x00000000210e8000 JavaThread "http-nio-8280-ClientPoller-1" daemon [_thread_in_native, id=5692, stack(0x0000000034df0000,0x0000000034ef0000)]
  0x00000000210e7800 JavaThread "http-nio-8280-ClientPoller-0" daemon [_thread_in_native, id=14836, stack(0x0000000034b60000,0x0000000034c60000)]
  0x00000000210e6800 JavaThread "http-nio-8280-exec-10" daemon [_thread_blocked, id=3776, stack(0x0000000034a10000,0x0000000034b10000)]
  0x00000000210e6000 JavaThread "http-nio-8280-exec-9" daemon [_thread_blocked, id=15164, stack(0x0000000034780000,0x0000000034880000)]
  0x00000000227c5800 JavaThread "http-nio-8280-exec-8" daemon [_thread_blocked, id=8112, stack(0x00000000348f0000,0x00000000349f0000)]
  0x00000000227c5000 JavaThread "http-nio-8280-exec-7" daemon [_thread_blocked, id=5408, stack(0x0000000034670000,0x0000000034770000)]
  0x00000000227c4000 JavaThread "http-nio-8280-exec-6" daemon [_thread_blocked, id=8536, stack(0x0000000033d20000,0x0000000033e20000)]
  0x00000000227c3800 JavaThread "http-nio-8280-exec-5" daemon [_thread_blocked, id=15080, stack(0x0000000031f30000,0x0000000032030000)]
  0x00000000227c2800 JavaThread "http-nio-8280-exec-4" daemon [_thread_blocked, id=11496, stack(0x0000000033e60000,0x0000000033f60000)]
  0x00000000227c2000 JavaThread "http-nio-8280-exec-3" daemon [_thread_blocked, id=8916, stack(0x0000000033930000,0x0000000033a30000)]
  0x00000000227c1000 JavaThread "http-nio-8280-exec-2" daemon [_thread_blocked, id=11924, stack(0x00000000335a0000,0x00000000336a0000)]
  0x00000000227c0800 JavaThread "http-nio-8280-exec-1" daemon [_thread_blocked, id=6384, stack(0x000000002bf80000,0x000000002c080000)]
  0x00000000227bf800 JavaThread "NioBlockingSelector.BlockPoller-1" daemon [_thread_in_native, id=15268, stack(0x00000000319f0000,0x0000000031af0000)]
  0x00000000227bf000 JavaThread "spring.cloud.inetutils" daemon [_thread_blocked, id=10208, stack(0x0000000022e50000,0x0000000022f50000)]
  0x0000000023b42000 JavaThread "container-0" [_thread_blocked, id=8328, stack(0x0000000032190000,0x0000000032290000)]
  0x0000000023b41800 JavaThread "ContainerBackgroundProcessor[StandardEngine[Tomcat]]" daemon [_thread_blocked, id=760, stack(0x0000000032050000,0x0000000032150000)]
  0x0000000023b40800 JavaThread "OracleTimeoutPollingThread" daemon [_thread_blocked, id=5768, stack(0x000000002c330000,0x000000002c430000)]
  0x0000000023b40000 JavaThread "GC Daemon" daemon [_thread_blocked, id=14308, stack(0x000000002ef00000,0x000000002f000000)]
  0x0000000023b3f000 JavaThread "AWT-Windows" daemon [_thread_in_native, id=8580, stack(0x000000002cb50000,0x000000002cc50000)]
  0x0000000023b3d800 JavaThread "Java2D Disposer" daemon [_thread_blocked, id=14212, stack(0x000000002c9c0000,0x000000002cac0000)]
  0x000000001f40f000 JavaThread "Druid-ConnectionPool-Destroy-753669490" daemon [_thread_blocked, id=14948, stack(0x0000000031280000,0x0000000031380000)]
  0x000000001e99d800 JavaThread "Druid-ConnectionPool-Create-753669490" daemon [_thread_blocked, id=15168, stack(0x0000000031110000,0x0000000031210000)]
  0x0000000026779800 JavaThread "SimplePauseDetectorThread_0" daemon [_thread_blocked, id=10644, stack(0x000000002bc20000,0x000000002bd20000)]
  0x000000001fb19000 JavaThread "Thread-4" daemon [_thread_blocked, id=14852, stack(0x0000000022b10000,0x0000000022c10000)]
  0x0000000026452800 JavaThread "CleanCursors-1-thread-1" daemon [_thread_blocked, id=11016, stack(0x000000002b660000,0x000000002b760000)]
  0x000000002ae62800 JavaThread "cluster-ClusterId{value='5dc82dbe57e7d0305472664c', description='null'}-10.88.17.111:27017" daemon [_thread_blocked, id=13228, stack(0x00000000255c0000,0x00000000256c0000)]
  0x000000001e6fa800 JavaThread "Service Thread" daemon [_thread_blocked, id=2440, stack(0x000000001f120000,0x000000001f220000)]
  0x000000001e680000 JavaThread "C1 CompilerThread2" daemon [_thread_blocked, id=10748, stack(0x000000001eff0000,0x000000001f0f0000)]
  0x000000001e67b000 JavaThread "C2 CompilerThread1" daemon [_thread_blocked, id=15276, stack(0x000000001eec0000,0x000000001efc0000)]
  0x000000001e678800 JavaThread "C2 CompilerThread0" daemon [_thread_blocked, id=10744, stack(0x000000001ec90000,0x000000001ed90000)]
  0x000000001d373800 JavaThread "JDWP Command Reader" daemon [_thread_in_native, id=13376, stack(0x000000001e280000,0x000000001e380000)]
  0x000000001d365800 JavaThread "JDWP Event Helper Thread" daemon [_thread_blocked, id=13688, stack(0x000000001e070000,0x000000001e170000)]
=>0x000000001d35f800 JavaThread "JDWP Transport Listener: dt_socket" daemon [_thread_in_vm, id=7196, stack(0x000000001dec0000,0x000000001dfc0000)]
  0x000000001d343000 JavaThread "Attach Listener" daemon [_thread_blocked, id=11736, stack(0x000000001dad0000,0x000000001dbd0000)]
  0x000000001d342800 JavaThread "Signal Dispatcher" daemon [_thread_blocked, id=13320, stack(0x000000001d880000,0x000000001d980000)]
  0x000000001bf5f000 JavaThread "Finalizer" daemon [_thread_blocked, id=14556, stack(0x000000001d230000,0x000000001d330000)]
  0x000000001bf58000 JavaThread "Reference Handler" daemon [_thread_blocked, id=15108, stack(0x000000001cec0000,0x000000001cfc0000)]

Other Threads:
  0x000000001bf52800 VMThread [stack: 0x000000001d020000,0x000000001d120000] [id=15032]
  0x000000001e7c0000 WatcherThread [stack: 0x000000001f2d0000,0x000000001f3d0000] [id=11424]

VM state:not at safepoint (normal execution)

VM Mutex/Monitor currently owned by a thread: None

Heap:
 PSYoungGen      total 822784K, used 195071K [0x000000076c400000, 0x00000007a1780000, 0x00000007c0000000)
  eden space 806912K, 24% used [0x000000076c400000,0x000000077827fcf0,0x000000079d800000)
  from space 15872K, 0% used [0x00000007a0800000,0x00000007a0800000,0x00000007a1780000)
  to   space 22528K, 0% used [0x000000079eb80000,0x000000079eb80000,0x00000007a0180000)
 ParOldGen       total 256512K, used 68895K [0x00000006c4c00000, 0x00000006d4680000, 0x000000076c400000)
  object space 256512K, 26% used [0x00000006c4c00000,0x00000006c8f47e60,0x00000006d4680000)
 Metaspace       used 101713K, capacity 104933K, committed 105256K, reserved 1142784K
  class space    used 10932K, capacity 11471K, committed 11560K, reserved 1048576K

Card table byte_map: [0x0000000011d50000,0x0000000012530000] byte_map_base: 0x000000000e72a000

Marking Bits: (ParMarkBitMap*) 0x000000006a0c0600
 Begin Bits: [0x0000000013040000, 0x0000000016f10000)
 End Bits:   [0x0000000016f10000, 0x000000001ade0000)

Polling page: 0x0000000000130000

CodeCache: size=245760Kb used=32617Kb max_used=32930Kb free=213142Kb
 bounds [0x0000000002990000, 0x00000000049f0000, 0x0000000011990000]
 total_blobs=8895 nmethods=8225 adapters=589
 compilation: enabled

Compilation events (10 events):
Event: 311.302 Thread 0x000000001e680000 10660       3       org.apache.tomcat.util.net.NioBlockingSelector$BlockPoller::events (54 bytes)
Event: 311.303 Thread 0x000000001e680000 nmethod 10660 0x00000000036e8450 code [0x00000000036e8600, 0x00000000036e8d58]
Event: 313.941 Thread 0x000000001e680000 10662       3       org.bson.codecs.BsonTypeCodecMap::get (71 bytes)
Event: 313.942 Thread 0x000000001e680000 nmethod 10662 0x0000000004918b90 code [0x0000000004918f00, 0x000000000491ab68]
Event: 313.942 Thread 0x000000001e680000 10663       3       org.bson.BsonDouble::getBsonType (4 bytes)
Event: 313.942 Thread 0x000000001e680000 nmethod 10663 0x00000000036e8050 code [0x00000000036e81a0, 0x00000000036e82f0]
Event: 313.942 Thread 0x000000001e680000 10661       3       java.nio.HeapByteBuffer::<init> (14 bytes)
Event: 313.942 Thread 0x000000001e680000 nmethod 10661 0x0000000004918790 code [0x0000000004918900, 0x0000000004918ac8]
Event: 316.142 Thread 0x000000001e680000 10664       3       java.util.Collections$SetFromMap::iterator (10 bytes)
Event: 316.142 Thread 0x000000001e680000 nmethod 10664 0x0000000004918350 code [0x00000000049184c0, 0x00000000049186e8]

GC Heap History (10 events):
Event: 43.365 GC heap before
{Heap before GC invocations=14 (full 3):
 PSYoungGen      total 517632K, used 498176K [0x000000076c400000, 0x0000000791200000, 0x00000007c0000000)
  eden space 498176K, 100% used [0x000000076c400000,0x000000078aa80000,0x000000078aa80000)
  from space 19456K, 0% used [0x000000078be80000,0x000000078be80000,0x000000078d180000)
  to   space 20480K, 0% used [0x000000078aa80000,0x000000078aa80000,0x000000078be80000)
 ParOldGen       total 173568K, used 37302K [0x00000006c4c00000, 0x00000006cf580000, 0x000000076c400000)
  object space 173568K, 21% used [0x00000006c4c00000,0x00000006c706db88,0x00000006cf580000)
 Metaspace       used 63069K, capacity 65159K, committed 65576K, reserved 1105920K
  class space    used 7757K, capacity 8133K, committed 8232K, reserved 1048576K
Event: 43.414 GC heap after
Heap after GC invocations=14 (full 3):
 PSYoungGen      total 518656K, used 18474K [0x000000076c400000, 0x0000000797680000, 0x00000007c0000000)
  eden space 498176K, 0% used [0x000000076c400000,0x000000076c400000,0x000000078aa80000)
  from space 20480K, 90% used [0x000000078aa80000,0x000000078bc8aae8,0x000000078be80000)
  to   space 22528K, 0% used [0x0000000796080000,0x0000000796080000,0x0000000797680000)
 ParOldGen       total 173568K, used 37310K [0x00000006c4c00000, 0x00000006cf580000, 0x000000076c400000)
  object space 173568K, 21% used [0x00000006c4c00000,0x00000006c706fb88,0x00000006cf580000)
 Metaspace       used 63069K, capacity 65159K, committed 65576K, reserved 1105920K
  class space    used 7757K, capacity 8133K, committed 8232K, reserved 1048576K
}
Event: 47.009 GC heap before
{Heap before GC invocations=15 (full 3):
 PSYoungGen      total 518656K, used 516650K [0x000000076c400000, 0x0000000797680000, 0x00000007c0000000)
  eden space 498176K, 100% used [0x000000076c400000,0x000000078aa80000,0x000000078aa80000)
  from space 20480K, 90% used [0x000000078aa80000,0x000000078bc8aae8,0x000000078be80000)
  to   space 22528K, 0% used [0x0000000796080000,0x0000000796080000,0x0000000797680000)
 ParOldGen       total 173568K, used 37310K [0x00000006c4c00000, 0x00000006cf580000, 0x000000076c400000)
  object space 173568K, 21% used [0x00000006c4c00000,0x00000006c706fb88,0x00000006cf580000)
 Metaspace       used 66898K, capacity 69109K, committed 69416K, reserved 1110016K
  class space    used 8011K, capacity 8408K, committed 8488K, reserved 1048576K
Event: 47.162 GC heap after
Heap after GC invocations=15 (full 3):
 PSYoungGen      total 669184K, used 12874K [0x000000076c400000, 0x0000000796e80000, 0x00000007c0000000)
  eden space 654848K, 0% used [0x000000076c400000,0x000000076c400000,0x0000000794380000)
  from space 14336K, 89% used [0x0000000796080000,0x0000000796d129c0,0x0000000796e80000)
  to   space 22016K, 0% used [0x0000000794380000,0x0000000794380000,0x0000000795900000)
 ParOldGen       total 173568K, used 53631K [0x00000006c4c00000, 0x00000006cf580000, 0x000000076c400000)
  object space 173568K, 30% used [0x00000006c4c00000,0x00000006c805fc60,0x00000006cf580000)
 Metaspace       used 66898K, capacity 69109K, committed 69416K, reserved 1110016K
  class space    used 8011K, capacity 8408K, committed 8488K, reserved 1048576K
}
Event: 63.091 GC heap before
{Heap before GC invocations=16 (full 3):
 PSYoungGen      total 669184K, used 667722K [0x000000076c400000, 0x0000000796e80000, 0x00000007c0000000)
  eden space 654848K, 100% used [0x000000076c400000,0x0000000794380000,0x0000000794380000)
  from space 14336K, 89% used [0x0000000796080000,0x0000000796d129c0,0x0000000796e80000)
  to   space 22016K, 0% used [0x0000000794380000,0x0000000794380000,0x0000000795900000)
 ParOldGen       total 173568K, used 53631K [0x00000006c4c00000, 0x00000006cf580000, 0x000000076c400000)
  object space 173568K, 30% used [0x00000006c4c00000,0x00000006c805fc60,0x00000006cf580000)
 Metaspace       used 91608K, capacity 94177K, committed 94376K, reserved 1134592K
  class space    used 9593K, capacity 10056K, committed 10152K, reserved 1048576K
Event: 63.145 GC heap after
Heap after GC invocations=16 (full 3):
 PSYoungGen      total 676864K, used 15038K [0x000000076c400000, 0x00000007a1d80000, 0x00000007c0000000)
  eden space 654848K, 0% used [0x000000076c400000,0x000000076c400000,0x0000000794380000)
  from space 22016K, 68% used [0x0000000794380000,0x000000079522f9f8,0x0000000795900000)
  to   space 22016K, 0% used [0x00000007a0800000,0x00000007a0800000,0x00000007a1d80000)
 ParOldGen       total 173568K, used 65881K [0x00000006c4c00000, 0x00000006cf580000, 0x000000076c400000)
  object space 173568K, 37% used [0x00000006c4c00000,0x00000006c8c56590,0x00000006cf580000)
 Metaspace       used 91608K, capacity 94177K, committed 94376K, reserved 1134592K
  class space    used 9593K, capacity 10056K, committed 10152K, reserved 1048576K
}
Event: 161.726 GC heap before
{Heap before GC invocations=17 (full 3):
 PSYoungGen      total 676864K, used 322303K [0x000000076c400000, 0x00000007a1d80000, 0x00000007c0000000)
  eden space 654848K, 46% used [0x000000076c400000,0x000000077f0105b8,0x0000000794380000)
  from space 22016K, 68% used [0x0000000794380000,0x000000079522f9f8,0x0000000795900000)
  to   space 22016K, 0% used [0x00000007a0800000,0x00000007a0800000,0x00000007a1d80000)
 ParOldGen       total 173568K, used 65881K [0x00000006c4c00000, 0x00000006cf580000, 0x000000076c400000)
  object space 173568K, 37% used [0x00000006c4c00000,0x00000006c8c56590,0x00000006cf580000)
 Metaspace       used 95798K, capacity 98549K, committed 98600K, reserved 1136640K
  class space    used 10158K, capacity 10661K, committed 10664K, reserved 1048576K
Event: 161.764 GC heap after
Heap after GC invocations=17 (full 3):
 PSYoungGen      total 822784K, used 15846K [0x000000076c400000, 0x00000007a1780000, 0x00000007c0000000)
  eden space 806912K, 0% used [0x000000076c400000,0x000000076c400000,0x000000079d800000)
  from space 15872K, 99% used [0x00000007a0800000,0x00000007a1779bb8,0x00000007a1780000)
  to   space 22528K, 0% used [0x000000079eb80000,0x000000079eb80000,0x00000007a0180000)
 ParOldGen       total 173568K, used 65889K [0x00000006c4c00000, 0x00000006cf580000, 0x000000076c400000)
  object space 173568K, 37% used [0x00000006c4c00000,0x00000006c8c58590,0x00000006cf580000)
 Metaspace       used 95798K, capacity 98549K, committed 98600K, reserved 1136640K
  class space    used 10158K, capacity 10661K, committed 10664K, reserved 1048576K
}
Event: 161.764 GC heap before
{Heap before GC invocations=18 (full 4):
 PSYoungGen      total 822784K, used 15846K [0x000000076c400000, 0x00000007a1780000, 0x00000007c0000000)
  eden space 806912K, 0% used [0x000000076c400000,0x000000076c400000,0x000000079d800000)
  from space 15872K, 99% used [0x00000007a0800000,0x00000007a1779bb8,0x00000007a1780000)
  to   space 22528K, 0% used [0x000000079eb80000,0x000000079eb80000,0x00000007a0180000)
 ParOldGen       total 173568K, used 65889K [0x00000006c4c00000, 0x00000006cf580000, 0x000000076c400000)
  object space 173568K, 37% used [0x00000006c4c00000,0x00000006c8c58590,0x00000006cf580000)
 Metaspace       used 95798K, capacity 98549K, committed 98600K, reserved 1136640K
  class space    used 10158K, capacity 10661K, committed 10664K, reserved 1048576K
Event: 162.098 GC heap after
Heap after GC invocations=18 (full 4):
 PSYoungGen      total 822784K, used 0K [0x000000076c400000, 0x00000007a1780000, 0x00000007c0000000)
  eden space 806912K, 0% used [0x000000076c400000,0x000000076c400000,0x000000079d800000)
  from space 15872K, 0% used [0x00000007a0800000,0x00000007a0800000,0x00000007a1780000)
  to   space 22528K, 0% used [0x000000079eb80000,0x000000079eb80000,0x00000007a0180000)
 ParOldGen       total 256512K, used 68895K [0x00000006c4c00000, 0x00000006d4680000, 0x000000076c400000)
  object space 256512K, 26% used [0x00000006c4c00000,0x00000006c8f47e60,0x00000006d4680000)
 Metaspace       used 95798K, capacity 98549K, committed 98600K, reserved 1136640K
  class space    used 10158K, capacity 10661K, committed 10664K, reserved 1048576K
}

Deoptimization events (10 events):
Event: 273.952 Thread 0x00000000210ec000 Uncommon trap: reason=range_check action=none pc=0x0000000002df5964 method=sun.reflect.generics.parser.SignatureParser.current()C @ 34
Event: 273.953 Thread 0x00000000210ec000 Uncommon trap: reason=range_check action=none pc=0x0000000002df5964 method=sun.reflect.generics.parser.SignatureParser.current()C @ 34
Event: 273.956 Thread 0x00000000210ec000 Uncommon trap: reason=range_check action=none pc=0x0000000002df5964 method=sun.reflect.generics.parser.SignatureParser.current()C @ 34
Event: 273.958 Thread 0x00000000210ec000 Uncommon trap: reason=range_check action=none pc=0x0000000002df5964 method=sun.reflect.generics.parser.SignatureParser.current()C @ 34
Event: 274.012 Thread 0x00000000210ec000 Uncommon trap: reason=range_check action=none pc=0x0000000002df5964 method=sun.reflect.generics.parser.SignatureParser.current()C @ 34
Event: 274.012 Thread 0x00000000210ec000 Uncommon trap: reason=range_check action=none pc=0x0000000002df5964 method=sun.reflect.generics.parser.SignatureParser.current()C @ 34
Event: 274.014 Thread 0x00000000210ec000 Uncommon trap: reason=range_check action=none pc=0x0000000002df5964 method=sun.reflect.generics.parser.SignatureParser.current()C @ 34
Event: 274.015 Thread 0x00000000210ec000 Uncommon trap: reason=range_check action=none pc=0x0000000002df5964 method=sun.reflect.generics.parser.SignatureParser.current()C @ 34
Event: 274.016 Thread 0x00000000210ec000 Uncommon trap: reason=unhandled action=none pc=0x00000000034574e0 method=java.net.URLClassLoader.findClass(Ljava/lang/String;)Ljava/lang/Class; @ 44
Event: 280.359 Thread 0x00000000210ec000 Uncommon trap: reason=range_check action=none pc=0x0000000002df5964 method=sun.reflect.generics.parser.SignatureParser.current()C @ 34

Internal exceptions (10 events):
Event: 273.930 Thread 0x00000000210ec000 Exception <a 'java/lang/ClassNotFoundException': com/wms/entity/auto/LotAttributeTEntityCustomizer> (0x0000000777368d50) thrown at [D:\re\puppet\workspace\8-2-build-windows-amd64-cygwin\jdk8u73\6086\hotspot\src\share\vm\classfile\systemDictionary.cpp, line¡#§Á<q@
Event: 273.952 Thread 0x00000000210ec000 Exception <a 'java/lang/ArrayIndexOutOfBoundsException': 103> (0x000000077765e570) thrown at [D:\re\puppet\workspace\8-2-build-windows-amd64-cygwin\jdk8u73\6086\hotspot\src\share\vm\interpreter\interpreterRuntime.cpp, line 366]
Event: 273.953 Thread 0x00000000210ec000 Exception <a 'java/lang/ArrayIndexOutOfBoundsException': 71> (0x00000007776636b8) thrown at [D:\re\puppet\workspace\8-2-build-windows-amd64-cygwin\jdk8u73\6086\hotspot\src\share\vm\interpreter\interpreterRuntime.cpp, line 366]
Event: 273.956 Thread 0x00000000210ec000 Exception <a 'java/lang/ArrayIndexOutOfBoundsException': 72> (0x00000007776c9400) thrown at [D:\re\puppet\workspace\8-2-build-windows-amd64-cygwin\jdk8u73\6086\hotspot\src\share\vm\interpreter\interpreterRuntime.cpp, line 366]
Event: 273.958 Thread 0x00000000210ec000 Exception <a 'java/lang/ArrayIndexOutOfBoundsException': 71> (0x00000007776e75c0) thrown at [D:\re\puppet\workspace\8-2-build-windows-amd64-cygwin\jdk8u73\6086\hotspot\src\share\vm\interpreter\interpreterRuntime.cpp, line 366]
Event: 274.012 Thread 0x00000000210ec000 Exception <a 'java/lang/ArrayIndexOutOfBoundsException': 109> (0x00000007777114a8) thrown at [D:\re\puppet\workspace\8-2-build-windows-amd64-cygwin\jdk8u73\6086\hotspot\src\share\vm\interpreter\interpreterRuntime.cpp, line 366]
Event: 274.012 Thread 0x00000000210ec000 Exception <a 'java/lang/ArrayIndexOutOfBoundsException': 74> (0x0000000777716520) thrown at [D:\re\puppet\workspace\8-2-build-windows-amd64-cygwin\jdk8u73\6086\hotspot\src\share\vm\interpreter\interpreterRuntime.cpp, line 366]
Event: 274.014 Thread 0x00000000210ec000 Exception <a 'java/lang/ArrayIndexOutOfBoundsException': 75> (0x0000000777768138) thrown at [D:\re\puppet\workspace\8-2-build-windows-amd64-cygwin\jdk8u73\6086\hotspot\src\share\vm\interpreter\interpreterRuntime.cpp, line 366]
Event: 274.015 Thread 0x00000000210ec000 Exception <a 'java/lang/ArrayIndexOutOfBoundsException': 74> (0x000000077778d088) thrown at [D:\re\puppet\workspace\8-2-build-windows-amd64-cygwin\jdk8u73\6086\hotspot\src\share\vm\interpreter\interpreterRuntime.cpp, line 366]
Event: 280.359 Thread 0x00000000210ec000 Exception <a 'java/lang/ArrayIndexOutOfBoundsException': 66> (0x000000077781a398) thrown at [D:\re\puppet\workspace\8-2-build-windows-amd64-cygwin\jdk8u73\6086\hotspot\src\share\vm\interpreter\interpreterRuntime.cpp, line 366]

Events (10 events):
Event: 286.013 Executing VM operation: ChangeBreakpoints
Event: 286.013 Executing VM operation: ChangeBreakpoints done
Event: 287.428 Executing VM operation: ChangeBreakpoints
Event: 287.430 Executing VM operation: ChangeBreakpoints done
Event: 316.487 Executing VM operation: RedefineClasses
Event: 316.549 Executing VM operation: RedefineClasses done
Event: 316.576 Executing VM operation: ChangeBreakpoints
Event: 316.581 Executing VM operation: ChangeBreakpoints done
Event: 330.929 Executing VM operation: RedefineClasses
Event: 331.000 Executing VM operation: RedefineClasses done


Dynamic libraries:
0x000000013f140000 - 0x000000013f177000 	D:\soft\java\jdk1.8.0_73\bin\javaw.exe
0x00000000770e0000 - 0x000000007727f000 	C:\Windows\SYSTEM32\ntdll.dll
0x0000000076ec0000 - 0x0000000076fdf000 	C:\Windows\system32\kernel32.dll
0x000007fefcc70000 - 0x000007fefccd7000 	C:\Windows\system32\KERNELBASE.dll
0x000007feff2f0000 - 0x000007feff3cb000 	C:\Windows\system32\ADVAPI32.dll
0x000007fefda80000 - 0x000007fefdb1f000 	C:\Windows\system32\msvcrt.dll
0x000007fefe140000 - 0x000007fefe15f000 	C:\Windows\SYSTEM32\sechost.dll
0x000007fefdff0000 - 0x000007fefe11c000 	C:\Windows\system32\RPCRT4.dll
0x0000000076fe0000 - 0x00000000770da000 	C:\Windows\system32\USER32.dll
0x000007fefdda0000 - 0x000007fefde07000 	C:\Windows\system32\GDI32.dll
0x000007fefe120000 - 0x000007fefe12e000 	C:\Windows\system32\LPK.dll
0x000007fefdcd0000 - 0x000007fefdd9b000 	C:\Windows\system32\USP10.dll
0x000007fefb5c0000 - 0x000007fefb7b5000 	C:\Windows\WinSxS\amd64_microsoft.windows.common-controls_6595b64144ccf1df_6.0.7601.24483_none_e372d88f30fbb845\COMCTL32.dll
0x000007fefd350000 - 0x000007fefd3c1000 	C:\Windows\system32\SHLWAPI.dll
0x000007fefdca0000 - 0x000007fefdcce000 	C:\Windows\system32\IMM32.DLL
0x000007fefcff0000 - 0x000007fefd0fb000 	C:\Windows\system32\MSCTF.dll
0x000007fefcb60000 - 0x000007fefcb91000 	C:\Windows\system32\nvinitx.dll
0x000007fefcb50000 - 0x000007fefcb5c000 	C:\Windows\system32\VERSION.dll
0x0000000074050000 - 0x0000000074056000 	C:\Program Files\NVIDIA Corporation\CoProcManager\detoured.dll
0x000007fefb840000 - 0x000007fefb872000 	C:\Program Files\NVIDIA Corporation\CoProcManager\nvd3d9wrapx.dll
0x000007fefde10000 - 0x000007fefdfe7000 	C:\Windows\system32\SETUPAPI.dll
0x000007fefcdb0000 - 0x000007fefcde6000 	C:\Windows\system32\CFGMGR32.dll
0x000007fefef40000 - 0x000007feff01b000 	C:\Windows\system32\OLEAUT32.dll
0x000007fefd3d0000 - 0x000007fefd5cf000 	C:\Windows\system32\ole32.dll
0x000007fefcd90000 - 0x000007fefcdaa000 	C:\Windows\system32\DEVOBJ.dll
0x000007fefb810000 - 0x000007fefb832000 	C:\Program Files\NVIDIA Corporation\CoProcManager\nvdxgiwrapx.dll
0x000000005e800000 - 0x000000005e8d2000 	D:\soft\java\jdk1.8.0_73\jre\bin\msvcr100.dll
0x00000000698b0000 - 0x000000006a140000 	D:\soft\java\jdk1.8.0_73\jre\bin\server\jvm.dll
0x000007fef7570000 - 0x000007fef7579000 	C:\Windows\system32\WSOCK32.dll
0x000007fefeef0000 - 0x000007fefef3d000 	C:\Windows\system32\WS2_32.dll
0x000007fefe130000 - 0x000007fefe138000 	C:\Windows\system32\NSI.dll
0x000007fefa490000 - 0x000007fefa4cb000 	C:\Windows\system32\WINMM.dll
0x0000000077290000 - 0x0000000077297000 	C:\Windows\system32\PSAPI.DLL
0x000000006a2e0000 - 0x000000006a2ef000 	D:\soft\java\jdk1.8.0_73\jre\bin\verify.dll
0x000000006a2b0000 - 0x000000006a2d9000 	D:\soft\java\jdk1.8.0_73\jre\bin\java.dll
0x0000000061190000 - 0x00000000611c5000 	D:\soft\java\jdk1.8.0_73\jre\bin\jdwp.dll
0x0000000063c10000 - 0x0000000063c18000 	D:\soft\java\jdk1.8.0_73\jre\bin\npt.dll
0x0000000061160000 - 0x0000000061183000 	D:\soft\java\jdk1.8.0_73\jre\bin\instrument.dll
0x000000006a1b0000 - 0x000000006a1c6000 	D:\soft\java\jdk1.8.0_73\jre\bin\zip.dll
0x000007fefe160000 - 0x000007fefeeeb000 	C:\Windows\system32\SHELL32.dll
0x000007fefcc40000 - 0x000007fefcc4f000 	C:\Windows\system32\profapi.dll
0x00000000643f0000 - 0x00000000643f9000 	D:\soft\java\jdk1.8.0_73\jre\bin\dt_socket.dll
0x000007fef71d0000 - 0x000007fef71ff000 	C:\Program Files (x86)\Sangfor\SSL\ClientComponent3\SangforNspX64.dll
0x000007fefa560000 - 0x000007fefa575000 	C:\Windows\system32\NLAapi.dll
0x000007fef5630000 - 0x000007fef5645000 	C:\Windows\system32\napinsp.dll
0x000007fef5610000 - 0x000007fef5629000 	C:\Windows\system32\pnrpnsp.dll
0x000007fef5600000 - 0x000007fef560b000 	C:\Windows\System32\winrnr.dll
0x000007fef55f0000 - 0x000007fef5600000 	C:\Windows\system32\wshbth.dll
0x000007fef71b0000 - 0x000007fef71cb000 	C:\Windows\system32\PrxerNsp.dll
0x000007fefbd50000 - 0x000007fefbd53000 	C:\Windows\system32\api-ms-win-core-synch-l1-2-0.DLL
0x000007fefc320000 - 0x000007fefc375000 	C:\Windows\System32\mswsock.dll
0x000007fefc1a0000 - 0x000007fefc1fb000 	C:\Windows\system32\DNSAPI.dll
0x000000006e220000 - 0x000000006e246000 	C:\Program Files\Bonjour\mdnsNSP.dll
0x000007fefab30000 - 0x000007fefab57000 	C:\Windows\system32\Iphlpapi.DLL
0x000007fefab20000 - 0x000007fefab2b000 	C:\Windows\system32\WINNSI.DLL
0x000007fef9110000 - 0x000007fef9163000 	C:\Windows\System32\fwpuclnt.dll
0x000007fef6f20000 - 0x000007fef6f28000 	C:\Windows\system32\rasadhlp.dll
0x000007fefbc30000 - 0x000007fefbc37000 	C:\Windows\System32\wshtcpip.dll
0x0000000069750000 - 0x000000006976a000 	D:\soft\java\jdk1.8.0_73\jre\bin\net.dll
0x000007fefc310000 - 0x000007fefc317000 	C:\Windows\System32\wship6.dll
0x000007fef9090000 - 0x000007fef90a8000 	C:\Windows\system32\dhcpcsvc.DLL
0x000007fef9070000 - 0x000007fef9081000 	C:\Windows\system32\dhcpcsvc6.DLL
0x0000000063a20000 - 0x0000000063a2d000 	D:\soft\java\jdk1.8.0_73\jre\bin\management.dll
0x000000006a230000 - 0x000000006a241000 	D:\soft\java\jdk1.8.0_73\jre\bin\nio.dll
0x000007fefc380000 - 0x000007fefc398000 	C:\Windows\system32\CRYPTSP.dll
0x000007fefc080000 - 0x000007fefc0c7000 	C:\Windows\system32\rsaenh.dll
0x000007fefcdf0000 - 0x000007fefce0f000 	C:\Windows\system32\USERENV.dll
0x000007fefca40000 - 0x000007fefca4f000 	C:\Windows\system32\CRYPTBASE.dll
0x0000000063220000 - 0x0000000063244000 	D:\soft\java\jdk1.8.0_73\jre\bin\sunec.dll
0x00000000600f0000 - 0x0000000060288000 	D:\soft\java\jdk1.8.0_73\jre\bin\awt.dll
0x000007fefb500000 - 0x000007fefb556000 	C:\Windows\system32\uxtheme.dll
0x000007fefb080000 - 0x000007fefb098000 	C:\Windows\system32\dwmapi.dll
0x0000000061040000 - 0x0000000061087000 	D:\soft\java\jdk1.8.0_73\jre\bin\fontmanager.dll
0x0000000061110000 - 0x0000000061152000 	D:\soft\java\jdk1.8.0_73\jre\bin\t2k.dll
0x00000000639b0000 - 0x00000000639bb000 	D:\soft\java\jdk1.8.0_73\jre\bin\sunmscapi.dll
0x000007fefce10000 - 0x000007fefcf7d000 	C:\Windows\system32\CRYPT32.dll
0x000007fefcc30000 - 0x000007fefcc3f000 	C:\Windows\system32\MSASN1.dll
0x000007fef5750000 - 0x000007fef5875000 	C:\Windows\system32\dbghelp.dll

VM Arguments:
jvm_args: -agentlib:jdwp=transport=dt_socket,suspend=y,address=localhost:54226 -javaagent:D:\soft\java\eclipse\configuration\org.eclipse.osgi\411\0\.cp\lib\javaagent-shaded.jar -Dfile.encoding=UTF-8 
java_command: com.wms.startup.FileApplication --spring.cloud.config.uri=http://10.88.17.111:8088/wms-config --spring.profiles.active=jbtlocal
java_class_path (initial): D:\develop\wms\workspace\wms\wms-startup-file-tomcat\target\classes;C:\Users\yechuankai.chnet\.m2\repository\org\springframework\boot\spring-boot-starter-tomcat\2.0.3.RELEASE\spring-boot-starter-tomcat-2.0.3.RELEASE.jar;C:\Users\yechuankai.chnet\.m2\repository\javax\annotation\javax.annotation-api\1.3.2\javax.annotation-api-1.3.2.jar;C:\Users\yechuankai.chnet\.m2\repository\org\apache\tomcat\embed\tomcat-embed-core\8.5.31\tomcat-embed-core-8.5.31.jar;C:\Users\yechuankai.chnet\.m2\repository\org\apache\tomcat\embed\tomcat-embed-el\8.5.31\tomcat-embed-el-8.5.31.jar;C:\Users\yechuankai.chnet\.m2\repository\org\apache\tomcat\embed\tomcat-embed-websocket\8.5.31\tomcat-embed-websocket-8.5.31.jar;D:\develop\wms\workspace\wms\wms-file\target\classes;D:\develop\wms\workspace\wms\wms-services\target\classes;D:\develop\wms\workspace\wms\wms-common\target\classes;C:\Users\yechuankai.chnet\.m2\repository\com\itfsw\mybatis-generator-plugin\1.3.1\mybatis-generator-plugin-1.3.1.jar;C:\Users\yechuankai.chnet\.m2\repository\org\freemarker\freemarker\2.3.26-incubating\freemarker-2.3.26-incubating.jar;C:\Users\yechuankai.chnet\.m2\repository\dom4j\dom4j\1.6.1\dom4j-1.6.1.jar;C:\Users\yechuankai.chnet\.m2\repository\xml-apis\xml-apis\1.0.b2\xml-apis-1.0.b2.jar;C:\Users\yechuankai.chnet\.m2\repository\org\mybatis\generator\mybatis-generator-core\1.3.7\mybatis-generator-core-1.3.7.jar;D:\develop\wms\workspace\wms\wms-dao\target\classes;D:\develop\wms\workspace\wms\wms-async\target\classes;C:\Users\yechuankai.chnet\.m2\repository\cn\afterturn\easypoi-base\3.2.0\easypoi-base-3.2.0.jar;C:\Users\yechuankai.chnet\.m2\repository\org\apache\poi\poi\3.15\poi-3.15.jar;C:\Users\yechuankai.chnet\.m2\repository\org\apache\commons\commons-collections4\4.1\commons-collections4-4.1.jar;C:\Users\yechuankai.chnet\.m2\repository\org\apache\poi\poi-ooxml\3.15\poi-ooxml-3.15.jar;C:\Users\yechuankai.chnet\.m2\repository\com\github\virtuald\curvesapi\1.04\curvesapi-1.04.jar;C:\User
Launcher Type: SUN_STANDARD

Environment Variables:
JAVA_HOME=D:\soft\java\jdk1.8.0_73
PATH=D:\soft\java\jdk1.8.0_73\jre\bin;D:/soft/java/jdk1.8.0_73/bin/../jre/bin/server;D:/soft/java/jdk1.8.0_73/bin/../jre/bin;D:/soft/java/jdk1.8.0_73/bin/../jre/lib/amd64;C:\Program Files (x86)\NetSarang\Xftp 6\;C:\Program Files (x86)\NetSarang\Xshell 6\;D:\soft\java\apache-maven-3.6.1\bin;D:\soft\java\apache-ant-1.10.6\bin;D:\soft\java\jdk1.8.0_73\bin;E:\app\yechuankai.chnet\product\11.2.0\client_1\bin;C:\Windows\system32;C:\Windows;C:\Windows\System32\Wbem;C:\Windows\System32\WindowsPowerShell\v1.0\;C:\Program Files\Lenovo\Fingerprint Manager Pro\;C:\Program Files (x86)\NVIDIA Corporation\PhysX\Common;d:\Program Files (x86)\Microsoft SQL Server\100\Tools\Binn\;d:\Program Files\Microsoft SQL Server\100\Tools\Binn\;d:\Program Files\Microsoft SQL Server\100\DTS\Binn\;d:\Program Files (x86)\Microsoft SQL Server\100\Tools\Binn\VSShell\Common7\IDE\;C:\Program Files (x86)\Microsoft Visual Studio 9.0\Common7\IDE\PrivateAssemblies\;d:\Program Files (x86)\Microsoft SQL Server\100\DTS\Binn\;C:\Program Files\TortoiseGit\bin;C:\Program Files\Git\cmd;D:\soft\java\eclipse;
USERNAME=yechuankai.chnet
OS=Windows_NT
PROCESSOR_IDENTIFIER=Intel64 Family 6 Model 61 Stepping 4, GenuineIntel



---------------  S Y S T E M  ---------------

OS: Windows 7 , 64 bit Build 7601 (6.1.7601.24524)

CPU:total 4 (2 cores per cpu, 2 threads per core) family 6 model 61 stepping 4, cmov, cx8, fxsr, mmx, sse, sse2, sse3, ssse3, sse4.1, sse4.2, popcnt, avx, avx2, aes, clmul, erms, rtm, 3dnowpref, lzcnt, ht, tsc, tscinvbit, bmi1, bmi2, adx

Memory: 4k page, physical 16465852k(7427068k free), swap 32929804k(22268508k free)

vm_info: Java HotSpot(TM) 64-Bit Server VM (25.73-b02) for windows-amd64 JRE (1.8.0_73-b02), built on Jan 29 2016 17:38:49 by "java_re" with MS VC++ 10.0 (VS2010)

time: Sun Nov 10 18:38:17 2019
elapsed time: 331 seconds (0d 0h 5m 31s)

