#
# A fatal error has been detected by the Java Runtime Environment:
#
#  EXCEPTION_ACCESS_VIOLATION (0xc0000005) at pc=0x00000000699d8ad5, pid=13776, tid=10556
#
# JRE version: Java(TM) SE Runtime Environment (8.0_73-b02) (build 1.8.0_73-b02)
# Java VM: Java HotSpot(TM) 64-Bit Server VM (25.73-b02 mixed mode windows-amd64 compressed oops)
# Problematic frame:
# V  [jvm.dll+0x128ad5]
#
# Failed to write core dump. Minidumps are not enabled by default on client versions of Windows
#
# If you would like to submit a bug report, please visit:
#   http://bugreport.java.com/bugreport/crash.jsp
#

---------------  T H R E A D  ---------------

Current thread (0x000000001d1ce800):  JavaThread "JDWP Transport Listener: dt_socket" daemon [_thread_in_vm, id=10556, stack(0x000000001dbd0000,0x000000001dcd0000)]

siginfo: ExceptionCode=0xc0000005, reading address 0xffffffffffffffff

Registers:
RAX=0x000000001dccf901, RBX=0x000000001d1ce800, RCX=0x656c61636f4c2f72, RDX=0x0000000000000000
RSP=0x000000001dccf8b0, RBP=0x656c61636f4c2f72, RSI=0x000000001dccf9c8, RDI=0x0000000001fdbd20
R8 =0x000000001d1ce800, R9 =0x000000000000ff00, R10=0x2f6176616a4c293b, R11=0x657574c500620013
R12=0x0000000000000000, R13=0x000000001d1d5f28, R14=0x0000000000000000, R15=0x0000000000000000
RIP=0x00000000699d8ad5, EFLAGS=0x0000000000010206

Top of Stack: (sp=0x000000001dccf8b0)
0x000000001dccf8b0:   000000001d1ce800 000000001d1ce800
0x000000001dccf8c0:   000000001dccf978 0000000069bde34b
0x000000001dccf8d0:   000000001d1ce800 0000000069bfabad
0x000000001dccf8e0:   0000000000000071 00000000611a9155
0x000000001dccf8f0:   0000000020ba4348 00000000611b291e
0x000000001dccf900:   000000001d1ce800 0000000000000000
0x000000001dccf910:   0000000000000000 0000000000000000
0x000000001dccf920:   656c61636f4c2f72 00000000611b1a15
0x000000001dccf930:   000000001dccf9c8 000000001dccf9a0
0x000000001dccf940:   0000000000000001 0000000020ba4348
0x000000001dccf950:   656c61636f4c2f72 00000000611953b3
0x000000001dccf960:   000000001dccfa90 0000000000000001
0x000000001dccf970:   0000000000000001 0000000020ba4348
0x000000001dccf980:   0000000000000002 0000000000000000
0x000000001dccf990:   0000000000000000 0000000000000000
0x000000001dccf9a0:   0000000000000001 0000000061195571 

Instructions: (pc=0x00000000699d8ad5)
0x00000000699d8ab5:   cc cc cc cc cc cc cc cc cc cc cc 48 83 ec 28 48
0x00000000699d8ac5:   85 c9 75 07 33 c0 48 83 c4 28 c3 48 89 5c 24 20
0x00000000699d8ad5:   48 8b 19 48 85 db 74 20 48 83 fb 37 74 1a 48 8b
0x00000000699d8ae5:   13 48 8b cb ff 52 10 84 c0 74 0d 48 8b c3 48 8b 


Register to memory mapping:

RAX=0x000000001dccf901 is pointing into the stack for thread: 0x000000001d1ce800
RBX=0x000000001d1ce800 is a thread
RCX=0x656c61636f4c2f72 is an unknown value
RDX=0x0000000000000000 is an unknown value
RSP=0x000000001dccf8b0 is pointing into the stack for thread: 0x000000001d1ce800
RBP=0x656c61636f4c2f72 is an unknown value
RSI=0x000000001dccf9c8 is pointing into the stack for thread: 0x000000001d1ce800
RDI=0x0000000001fdbd20 is an unknown value
R8 =0x000000001d1ce800 is a thread
R9 =0x000000000000ff00 is an unknown value
R10=0x2f6176616a4c293b is an unknown value
R11=0x657574c500620013 is an unknown value
R12=0x0000000000000000 is an unknown value
R13=0x000000001d1d5f28 is an unknown value
R14=0x0000000000000000 is an unknown value
R15=0x0000000000000000 is an unknown value


Stack: [0x000000001dbd0000,0x000000001dcd0000],  sp=0x000000001dccf8b0,  free space=1022k
Native frames: (J=compiled Java code, j=interpreted, Vv=VM code, C=native code)
V  [jvm.dll+0x128ad5]
V  [jvm.dll+0x34abad]
C  [jdwp.dll+0x21a15]
C  [jdwp.dll+0x53b3]
C  [jdwp.dll+0x5571]
C  [jdwp.dll+0xf0a8]
C  [jdwp.dll+0x1f2d5]
C  [jdwp.dll+0x1f4aa]
V  [jvm.dll+0x1bbb58]
V  [jvm.dll+0x243234]
V  [jvm.dll+0x29a10a]
C  [msvcr100.dll+0x21d9f]
C  [msvcr100.dll+0x21e3b]
C  [kernel32.dll+0x1556d]
C  [ntdll.dll+0x5385d]


---------------  P R O C E S S  ---------------

Java Threads: ( => current thread )
  0x000000001f23d000 JavaThread "schedule-pool-29" daemon [_thread_blocked, id=9360, stack(0x0000000034100000,0x0000000034200000)]
  0x000000001f23c800 JavaThread "schedule-pool-28" daemon [_thread_blocked, id=10264, stack(0x0000000034360000,0x0000000034460000)]
  0x000000001f23b800 JavaThread "schedule-pool-27" daemon [_thread_blocked, id=7792, stack(0x0000000030f10000,0x0000000031010000)]
  0x000000001f23b000 JavaThread "schedule-pool-26" daemon [_thread_blocked, id=13876, stack(0x0000000034200000,0x0000000034300000)]
  0x000000001f23a000 JavaThread "schedule-pool-25" daemon [_thread_blocked, id=15056, stack(0x0000000033da0000,0x0000000033ea0000)]
  0x000000001f239800 JavaThread "schedule-pool-24" daemon [_thread_blocked, id=6104, stack(0x0000000033fd0000,0x00000000340d0000)]
  0x000000001f238800 JavaThread "schedule-pool-23" daemon [_thread_blocked, id=12880, stack(0x0000000033eb0000,0x0000000033fb0000)]
  0x000000001f238000 JavaThread "schedule-pool-22" daemon [_thread_blocked, id=14008, stack(0x0000000033c90000,0x0000000033d90000)]
  0x000000001f237000 JavaThread "schedule-pool-21" daemon [_thread_blocked, id=10000, stack(0x0000000032990000,0x0000000032a90000)]
  0x0000000024b38000 JavaThread "schedule-pool-20" daemon [_thread_blocked, id=12028, stack(0x0000000032670000,0x0000000032770000)]
  0x0000000024b37000 JavaThread "schedule-pool-19" daemon [_thread_blocked, id=7508, stack(0x0000000033b10000,0x0000000033c10000)]
  0x0000000024b36800 JavaThread "schedule-pool-18" daemon [_thread_blocked, id=6344, stack(0x000000002e4e0000,0x000000002e5e0000)]
  0x0000000024b35800 JavaThread "schedule-pool-17" daemon [_thread_blocked, id=14708, stack(0x00000000322f0000,0x00000000323f0000)]
  0x0000000024b35000 JavaThread "schedule-pool-16" daemon [_thread_blocked, id=10236, stack(0x00000000339c0000,0x0000000033ac0000)]
  0x0000000024b34000 JavaThread "schedule-pool-15" daemon [_thread_blocked, id=10228, stack(0x0000000033880000,0x0000000033980000)]
  0x0000000024b33800 JavaThread "schedule-pool-14" daemon [_thread_blocked, id=5272, stack(0x0000000033720000,0x0000000033820000)]
  0x0000000024b32000 JavaThread "schedule-pool-13" daemon [_thread_blocked, id=3220, stack(0x0000000033370000,0x0000000033470000)]
  0x0000000024b31000 JavaThread "schedule-pool-12" daemon [_thread_blocked, id=11104, stack(0x0000000031b50000,0x0000000031c50000)]
  0x0000000028f53800 JavaThread "schedule-pool-11" daemon [_thread_blocked, id=10280, stack(0x0000000031010000,0x0000000031110000)]
  0x0000000028f51000 JavaThread "schedule-pool-10" daemon [_thread_blocked, id=14064, stack(0x000000002f690000,0x000000002f790000)]
  0x0000000028f50800 JavaThread "schedule-pool-9" daemon [_thread_blocked, id=13516, stack(0x0000000030e00000,0x0000000030f00000)]
  0x0000000028f4f000 JavaThread "schedule-pool-8" daemon [_thread_blocked, id=10428, stack(0x000000002ffd0000,0x00000000300d0000)]
  0x0000000028f4e000 JavaThread "schedule-pool-7" daemon [_thread_blocked, id=11192, stack(0x000000002e5e0000,0x000000002e6e0000)]
  0x0000000028f4d800 JavaThread "schedule-pool-6" daemon [_thread_blocked, id=14244, stack(0x000000002e3e0000,0x000000002e4e0000)]
  0x0000000028f4c800 JavaThread "schedule-pool-5" daemon [_thread_blocked, id=11584, stack(0x000000002e2d0000,0x000000002e3d0000)]
  0x000000002a36f000 JavaThread "DestroyJavaVM" [_thread_blocked, id=5836, stack(0x00000000025e0000,0x00000000026e0000)]
  0x000000002a36e000 JavaThread "http-nio-8180-AsyncTimeout" daemon [_thread_blocked, id=14428, stack(0x0000000033200000,0x0000000033300000)]
  0x000000002a36d800 JavaThread "http-nio-8180-Acceptor-0" daemon [_thread_in_native, id=4372, stack(0x0000000033070000,0x0000000033170000)]
  0x000000002a36c800 JavaThread "http-nio-8180-ClientPoller-1" daemon [_thread_in_native, id=10916, stack(0x0000000029bb0000,0x0000000029cb0000)]
  0x000000002a36c000 JavaThread "http-nio-8180-ClientPoller-0" daemon [_thread_in_native, id=14816, stack(0x0000000032f10000,0x0000000033010000)]
  0x000000002a36b000 JavaThread "http-nio-8180-exec-10" daemon [_thread_blocked, id=10984, stack(0x0000000032e00000,0x0000000032f00000)]
  0x000000002a36a800 JavaThread "http-nio-8180-exec-9" daemon [_thread_blocked, id=13368, stack(0x0000000032c60000,0x0000000032d60000)]
  0x000000002a369800 JavaThread "http-nio-8180-exec-8" daemon [_thread_blocked, id=12252, stack(0x0000000032aa0000,0x0000000032ba0000)]
  0x000000002a369000 JavaThread "http-nio-8180-exec-7" daemon [_thread_blocked, id=1712, stack(0x0000000032870000,0x0000000032970000)]
  0x000000002a368000 JavaThread "http-nio-8180-exec-6" daemon [_thread_blocked, id=13708, stack(0x0000000032770000,0x0000000032870000)]
  0x0000000028013000 JavaThread "http-nio-8180-exec-5" daemon [_thread_blocked, id=14424, stack(0x0000000032550000,0x0000000032650000)]
  0x0000000028012800 JavaThread "http-nio-8180-exec-4" daemon [_thread_blocked, id=8748, stack(0x000000002ea50000,0x000000002eb50000)]
  0x0000000028011800 JavaThread "http-nio-8180-exec-3" daemon [_thread_blocked, id=14876, stack(0x00000000323f0000,0x00000000324f0000)]
  0x0000000028011000 JavaThread "http-nio-8180-exec-2" daemon [_thread_blocked, id=7812, stack(0x00000000321f0000,0x00000000322f0000)]
  0x0000000028010000 JavaThread "http-nio-8180-exec-1" daemon [_thread_blocked, id=14864, stack(0x0000000032020000,0x0000000032120000)]
  0x000000002800f800 JavaThread "NioBlockingSelector.BlockPoller-1" daemon [_thread_in_native, id=11396, stack(0x000000002ec90000,0x000000002ed90000)]
  0x000000002800e800 JavaThread "schedule-pool-4" daemon [_thread_blocked, id=14448, stack(0x0000000031f20000,0x0000000032020000)]
  0x000000002800e000 JavaThread "schedule-pool-3" daemon [_thread_blocked, id=14160, stack(0x0000000031310000,0x0000000031410000)]
  0x000000002800d000 JavaThread "schedule-pool-2" daemon [_thread_blocked, id=8640, stack(0x00000000303d0000,0x00000000304d0000)]
  0x000000002800c800 JavaThread "schedule-pool-1" daemon [_thread_blocked, id=15028, stack(0x0000000031d40000,0x0000000031e40000)]
  0x0000000022c9e800 JavaThread "spring.cloud.inetutils" daemon [_thread_blocked, id=11260, stack(0x00000000311b0000,0x00000000312b0000)]
  0x0000000022c9a800 JavaThread "SimplePauseDetectorThread_0" daemon [_thread_blocked, id=14552, stack(0x000000002eb60000,0x000000002ec60000)]
  0x0000000022c9a000 JavaThread "Thread-7" daemon [_thread_blocked, id=14416, stack(0x000000002e940000,0x000000002ea40000)]
  0x0000000022c99000 JavaThread "container-0" [_thread_blocked, id=7616, stack(0x000000002de10000,0x000000002df10000)]
  0x0000000022c98000 JavaThread "ContainerBackgroundProcessor[StandardEngine[Tomcat]]" daemon [_thread_blocked, id=6480, stack(0x000000002ef00000,0x000000002f000000)]
  0x000000002153f000 JavaThread "OracleTimeoutPollingThread" daemon [_thread_blocked, id=14776, stack(0x000000002eda0000,0x000000002eea0000)]
  0x000000002153e800 JavaThread "GC Daemon" daemon [_thread_blocked, id=14408, stack(0x000000002ca40000,0x000000002cb40000)]
  0x000000001fb23000 JavaThread "AWT-Windows" daemon [_thread_in_native, id=6948, stack(0x000000002b550000,0x000000002b650000)]
  0x0000000024f12000 JavaThread "Java2D Disposer" daemon [_thread_blocked, id=968, stack(0x000000002d300000,0x000000002d400000)]
  0x0000000026440800 JavaThread "CleanCursors-1-thread-1" daemon [_thread_blocked, id=12136, stack(0x000000002d190000,0x000000002d290000)]
  0x0000000027486000 JavaThread "cluster-ClusterId{value='5dc82dcc57e7d035d00b1aa5', description='null'}-10.88.17.111:27017" daemon [_thread_blocked, id=12964, stack(0x000000002cfc0000,0x000000002d0c0000)]
  0x0000000024e63800 JavaThread "Druid-ConnectionPool-Destroy-2036295297" daemon [_thread_blocked, id=13648, stack(0x0000000024160000,0x0000000024260000)]
  0x00000000289af800 JavaThread "Druid-ConnectionPool-Create-2036295297" daemon [_thread_blocked, id=5656, stack(0x0000000024750000,0x0000000024850000)]
  0x0000000020032800 JavaThread "wms" daemon [_thread_blocked, id=12932, stack(0x0000000024880000,0x0000000024980000)]
  0x000000001e65f000 JavaThread "Service Thread" daemon [_thread_blocked, id=11720, stack(0x000000001e070000,0x000000001e170000)]
  0x000000001e5e4800 JavaThread "C1 CompilerThread2" daemon [_thread_blocked, id=9720, stack(0x000000001ec90000,0x000000001ed90000)]
  0x000000001e5e3000 JavaThread "C2 CompilerThread1" daemon [_thread_blocked, id=5352, stack(0x000000001d890000,0x000000001d990000)]
  0x000000001e5e2800 JavaThread "C2 CompilerThread0" daemon [_thread_blocked, id=13388, stack(0x000000001eb80000,0x000000001ec80000)]
  0x000000001d1dc000 JavaThread "JDWP Command Reader" daemon [_thread_in_native, id=15272, stack(0x000000001e240000,0x000000001e340000)]
  0x000000001d1d9000 JavaThread "JDWP Event Helper Thread" daemon [_thread_blocked, id=15084, stack(0x000000001de00000,0x000000001df00000)]
=>0x000000001d1ce800 JavaThread "JDWP Transport Listener: dt_socket" daemon [_thread_in_vm, id=10556, stack(0x000000001dbd0000,0x000000001dcd0000)]
  0x000000001d1b2800 JavaThread "Attach Listener" daemon [_thread_blocked, id=14808, stack(0x000000001ce20000,0x000000001cf20000)]
  0x000000001be5f000 JavaThread "Signal Dispatcher" daemon [_thread_blocked, id=14660, stack(0x000000001d630000,0x000000001d730000)]
  0x000000001bdff000 JavaThread "Finalizer" daemon [_thread_blocked, id=14040, stack(0x000000001d0a0000,0x000000001d1a0000)]
  0x000000001bdf8000 JavaThread "Reference Handler" daemon [_thread_blocked, id=15200, stack(0x000000001cfa0000,0x000000001d0a0000)]

Other Threads:
  0x000000001bdf2800 VMThread [stack: 0x000000001cd10000,0x000000001ce10000] [id=12956]
  0x000000001e6cb800 WatcherThread [stack: 0x000000001ee00000,0x000000001ef00000] [id=15256]

VM state:not at safepoint (normal execution)

VM Mutex/Monitor currently owned by a thread: None

Heap:
 PSYoungGen      total 795648K, used 285499K [0x000000076c400000, 0x000000079ef80000, 0x00000007c0000000)
  eden space 763392K, 35% used [0x000000076c400000,0x000000077ca0ca50,0x000000079ad80000)
  from space 32256K, 53% used [0x000000079d000000,0x000000079e0c23b0,0x000000079ef80000)
  to   space 33792K, 0% used [0x000000079ad80000,0x000000079ad80000,0x000000079ce80000)
 ParOldGen       total 305152K, used 84082K [0x00000006c4c00000, 0x00000006d7600000, 0x000000076c400000)
  object space 305152K, 27% used [0x00000006c4c00000,0x00000006c9e1ca78,0x00000006d7600000)
 Metaspace       used 110029K, capacity 113840K, committed 114200K, reserved 1150976K
  class space    used 11543K, capacity 12220K, committed 12328K, reserved 1048576K

Card table byte_map: [0x0000000011aa0000,0x0000000012280000] byte_map_base: 0x000000000e47a000

Marking Bits: (ParMarkBitMap*) 0x000000006a0c0600
 Begin Bits: [0x0000000012ee0000, 0x0000000016db0000)
 End Bits:   [0x0000000016db0000, 0x000000001ac80000)

Polling page: 0x0000000001f20000

CodeCache: size=245760Kb used=40642Kb max_used=40651Kb free=205117Kb
 bounds [0x00000000026e0000, 0x0000000004ed0000, 0x00000000116e0000]
 total_blobs=10394 nmethods=9695 adapters=618
 compilation: enabled

Compilation events (10 events):
Event: 315.335 Thread 0x000000001e5e4800 12590       3       java.util.concurrent.atomic.AtomicIntegerFieldUpdater$AtomicIntegerFieldUpdaterImpl::incrementAndGet (9 bytes)
Event: 315.335 Thread 0x000000001e5e4800 nmethod 12590 0x0000000004ec0190 code [0x0000000004ec0300, 0x0000000004ec04c8]
Event: 315.335 Thread 0x000000001e5e4800 12592       1       org.apache.shiro.web.servlet.ShiroHttpSession::getSession (5 bytes)
Event: 315.335 Thread 0x000000001e5e4800 nmethod 12592 0x0000000004ebfed0 code [0x0000000004ec0020, 0x0000000004ec0130]
Event: 315.336 Thread 0x000000001e5e2800 12593       4       org.apache.tomcat.util.http.MimeHeaders::getHeader (19 bytes)
Event: 315.336 Thread 0x000000001e5e2800 nmethod 12593 0x0000000004ebfbd0 code [0x0000000004ebfd20, 0x0000000004ebfdd8]
Event: 321.762 Thread 0x000000001e5e4800 12594       3       org.bson.BsonDouble::getBsonType (4 bytes)
Event: 321.762 Thread 0x000000001e5e4800 nmethod 12594 0x0000000004ebf890 code [0x0000000004ebf9e0, 0x0000000004ebfb30]
Event: 331.812 Thread 0x000000001e5e4800 12595       3       org.bson.ByteBufNIO::order (11 bytes)
Event: 331.812 Thread 0x000000001e5e4800 nmethod 12595 0x0000000004ec6d10 code [0x0000000004ec6e80, 0x0000000004ec70a8]

GC Heap History (10 events):
Event: 62.477 GC heap before
{Heap before GC invocations=16 (full 3):
 PSYoungGen      total 555520K, used 555137K [0x000000076c400000, 0x0000000790900000, 0x00000007c0000000)
  eden space 540160K, 100% used [0x000000076c400000,0x000000078d380000,0x000000078d380000)
  from space 15360K, 97% used [0x000000078fa00000,0x00000007908a0678,0x0000000790900000)
  to   space 26112K, 0% used [0x000000078d600000,0x000000078d600000,0x000000078ef80000)
 ParOldGen       total 226816K, used 62746K [0x00000006c4c00000, 0x00000006d2980000, 0x000000076c400000)
  object space 226816K, 27% used [0x00000006c4c00000,0x00000006c8946ae0,0x00000006d2980000)
 Metaspace       used 78274K, capacity 80776K, committed 80920K, reserved 1120256K
  class space    used 9213K, capacity 9669K, committed 9768K, reserved 1048576K
Event: 62.633 GC heap after
Heap after GC invocations=16 (full 3):
 PSYoungGen      total 568832K, used 18938K [0x000000076c400000, 0x0000000797900000, 0x00000007c0000000)
  eden space 542720K, 0% used [0x000000076c400000,0x000000076c400000,0x000000078d600000)
  from space 26112K, 72% used [0x000000078d600000,0x000000078e87e8d8,0x000000078ef80000)
  to   space 27136K, 0% used [0x0000000795e80000,0x0000000795e80000,0x0000000797900000)
 ParOldGen       total 226816K, used 62746K [0x00000006c4c00000, 0x00000006d2980000, 0x000000076c400000)
  object space 226816K, 27% used [0x00000006c4c00000,0x00000006c8946ae0,0x00000006d2980000)
 Metaspace       used 78274K, capacity 80776K, committed 80920K, reserved 1120256K
  class space    used 9213K, capacity 9669K, committed 9768K, reserved 1048576K
}
Event: 75.403 GC heap before
{Heap before GC invocations=17 (full 3):
 PSYoungGen      total 568832K, used 561658K [0x000000076c400000, 0x0000000797900000, 0x00000007c0000000)
  eden space 542720K, 100% used [0x000000076c400000,0x000000078d600000,0x000000078d600000)
  from space 26112K, 72% used [0x000000078d600000,0x000000078e87e8d8,0x000000078ef80000)
  to   space 27136K, 0% used [0x0000000795e80000,0x0000000795e80000,0x0000000797900000)
 ParOldGen       total 226816K, used 62746K [0x00000006c4c00000, 0x00000006d2980000, 0x000000076c400000)
  object space 226816K, 27% used [0x00000006c4c00000,0x00000006c8946ae0,0x00000006d2980000)
 Metaspace       used 87112K, capacity 89898K, committed 90264K, reserved 1128448K
  class space    used 9805K, capacity 10306K, committed 10408K, reserved 1048576K
Event: 75.477 GC heap after
Heap after GC invocations=17 (full 3):
 PSYoungGen      total 668160K, used 27124K [0x000000076c400000, 0x0000000797900000, 0x00000007c0000000)
  eden space 641024K, 0% used [0x000000076c400000,0x000000076c400000,0x0000000793600000)
  from space 27136K, 99% used [0x0000000795e80000,0x00000007978fd388,0x0000000797900000)
  to   space 32768K, 0% used [0x0000000793900000,0x0000000793900000,0x0000000795900000)
 ParOldGen       total 226816K, used 68073K [0x00000006c4c00000, 0x00000006d2980000, 0x000000076c400000)
  object space 226816K, 30% used [0x00000006c4c00000,0x00000006c8e7a698,0x00000006d2980000)
 Metaspace       used 87112K, capacity 89898K, committed 90264K, reserved 1128448K
  class space    used 9805K, capacity 10306K, committed 10408K, reserved 1048576K
}
Event: 76.177 GC heap before
{Heap before GC invocations=18 (full 3):
 PSYoungGen      total 668160K, used 199905K [0x000000076c400000, 0x0000000797900000, 0x00000007c0000000)
  eden space 641024K, 26% used [0x000000076c400000,0x0000000776cbb458,0x0000000793600000)
  from space 27136K, 99% used [0x0000000795e80000,0x00000007978fd388,0x0000000797900000)
  to   space 32768K, 0% used [0x0000000793900000,0x0000000793900000,0x0000000795900000)
 ParOldGen       total 226816K, used 68073K [0x00000006c4c00000, 0x00000006d2980000, 0x000000076c400000)
  object space 226816K, 30% used [0x00000006c4c00000,0x00000006c8e7a698,0x00000006d2980000)
 Metaspace       used 95717K, capacity 98506K, committed 98600K, reserved 1136640K
  class space    used 10140K, capacity 10658K, committed 10664K, reserved 1048576K
Event: 76.210 GC heap after
Heap after GC invocations=18 (full 3):
 PSYoungGen      total 676864K, used 26878K [0x000000076c400000, 0x000000079f280000, 0x00000007c0000000)
  eden space 644096K, 0% used [0x000000076c400000,0x000000076c400000,0x0000000793900000)
  from space 32768K, 82% used [0x0000000793900000,0x000000079533f8c8,0x0000000795900000)
  to   space 35328K, 0% used [0x000000079d000000,0x000000079d000000,0x000000079f280000)
 ParOldGen       total 226816K, used 68081K [0x00000006c4c00000, 0x00000006d2980000, 0x000000076c400000)
  object space 226816K, 30% used [0x00000006c4c00000,0x00000006c8e7c698,0x00000006d2980000)
 Metaspace       used 95717K, capacity 98506K, committed 98600K, reserved 1136640K
  class space    used 10140K, capacity 10658K, committed 10664K, reserved 1048576K
}
Event: 76.210 GC heap before
{Heap before GC invocations=19 (full 4):
 PSYoungGen      total 676864K, used 26878K [0x000000076c400000, 0x000000079f280000, 0x00000007c0000000)
  eden space 644096K, 0% used [0x000000076c400000,0x000000076c400000,0x0000000793900000)
  from space 32768K, 82% used [0x0000000793900000,0x000000079533f8c8,0x0000000795900000)
  to   space 35328K, 0% used [0x000000079d000000,0x000000079d000000,0x000000079f280000)
 ParOldGen       total 226816K, used 68081K [0x00000006c4c00000, 0x00000006d2980000, 0x000000076c400000)
  object space 226816K, 30% used [0x00000006c4c00000,0x00000006c8e7c698,0x00000006d2980000)
 Metaspace       used 95717K, capacity 98506K, committed 98600K, reserved 1136640K
  class space    used 10140K, capacity 10658K, committed 10664K, reserved 1048576K
Event: 76.539 GC heap after
Heap after GC invocations=19 (full 4):
 PSYoungGen      total 676864K, used 0K [0x000000076c400000, 0x000000079f280000, 0x00000007c0000000)
  eden space 644096K, 0% used [0x000000076c400000,0x000000076c400000,0x0000000793900000)
  from space 32768K, 0% used [0x0000000793900000,0x0000000793900000,0x0000000795900000)
  to   space 35328K, 0% used [0x000000079d000000,0x000000079d000000,0x000000079f280000)
 ParOldGen       total 305152K, used 84074K [0x00000006c4c00000, 0x00000006d7600000, 0x000000076c400000)
  object space 305152K, 27% used [0x00000006c4c00000,0x00000006c9e1aa78,0x00000006d7600000)
 Metaspace       used 95717K, capacity 98506K, committed 98600K, reserved 1136640K
  class space    used 10140K, capacity 10658K, committed 10664K, reserved 1048576K
}
Event: 154.334 GC heap before
{Heap before GC invocations=20 (full 4):
 PSYoungGen      total 676864K, used 644096K [0x000000076c400000, 0x000000079f280000, 0x00000007c0000000)
  eden space 644096K, 100% used [0x000000076c400000,0x0000000793900000,0x0000000793900000)
  from space 32768K, 0% used [0x0000000793900000,0x0000000793900000,0x0000000795900000)
  to   space 35328K, 0% used [0x000000079d000000,0x000000079d000000,0x000000079f280000)
 ParOldGen       total 305152K, used 84074K [0x00000006c4c00000, 0x00000006d7600000, 0x000000076c400000)
  object space 305152K, 27% used [0x00000006c4c00000,0x00000006c9e1aa78,0x00000006d7600000)
 Metaspace       used 106380K, capacity 109620K, committed 109720K, reserved 1146880K
  class space    used 11269K, capacity 11848K, committed 11944K, reserved 1048576K
Event: 154.365 GC heap after
Heap after GC invocations=20 (full 4):
 PSYoungGen      total 795648K, used 17160K [0x000000076c400000, 0x000000079ef80000, 0x00000007c0000000)
  eden space 763392K, 0% used [0x000000076c400000,0x000000076c400000,0x000000079ad80000)
  from space 32256K, 53% used [0x000000079d000000,0x000000079e0c23b0,0x000000079ef80000)
  to   space 33792K, 0% used [0x000000079ad80000,0x000000079ad80000,0x000000079ce80000)
 ParOldGen       total 305152K, used 84082K [0x00000006c4c00000, 0x00000006d7600000, 0x000000076c400000)
  object space 305152K, 27% used [0x00000006c4c00000,0x00000006c9e1ca78,0x00000006d7600000)
 Metaspace       used 106380K, capacity 109620K, committed 109720K, reserved 1146880K
  class space    used 11269K, capacity 11848K, committed 11944K, reserved 1048576K
}

Deoptimization events (10 events):
Event: 246.250 Thread 0x000000002a369000 Uncommon trap: reason=unhandled action=none pc=0x000000000323fbe0 method=java.net.URLClassLoader.findClass(Ljava/lang/String;)Ljava/lang/Class; @ 44
Event: 246.250 Thread 0x000000002a369000 Uncommon trap: reason=unhandled action=none pc=0x000000000323fbe0 method=java.net.URLClassLoader.findClass(Ljava/lang/String;)Ljava/lang/Class; @ 44
Event: 246.250 Thread 0x000000002a369000 Uncommon trap: reason=unhandled action=none pc=0x000000000323fbe0 method=java.net.URLClassLoader.findClass(Ljava/lang/String;)Ljava/lang/Class; @ 44
Event: 246.252 Thread 0x000000002a369000 Uncommon trap: reason=unhandled action=none pc=0x000000000323fbe0 method=java.net.URLClassLoader.findClass(Ljava/lang/String;)Ljava/lang/Class; @ 44
Event: 246.252 Thread 0x000000002a369000 Uncommon trap: reason=unhandled action=none pc=0x000000000323fbe0 method=java.net.URLClassLoader.findClass(Ljava/lang/String;)Ljava/lang/Class; @ 44
Event: 246.252 Thread 0x000000002a369000 Uncommon trap: reason=unhandled action=none pc=0x000000000323fbe0 method=java.net.URLClassLoader.findClass(Ljava/lang/String;)Ljava/lang/Class; @ 44
Event: 246.253 Thread 0x000000002a369000 Uncommon trap: reason=unhandled action=none pc=0x000000000323fbe0 method=java.net.URLClassLoader.findClass(Ljava/lang/String;)Ljava/lang/Class; @ 44
Event: 246.302 Thread 0x000000002a369000 Uncommon trap: reason=unhandled action=none pc=0x000000000323fbe0 method=java.net.URLClassLoader.findClass(Ljava/lang/String;)Ljava/lang/Class; @ 44
Event: 273.549 Thread 0x0000000028010000 Uncommon trap: reason=array_check action=maybe_recompile pc=0x0000000004dd5be4 method=java.util.TimSort.reverseRange([Ljava/lang/Object;II)V @ 27
Event: 275.320 Thread 0x0000000028f4f000 Uncommon trap: reason=range_check action=none pc=0x0000000002af4b64 method=sun.reflect.generics.parser.SignatureParser.current()C @ 34

Internal exceptions (10 events):
Event: 246.235 Thread 0x000000002a369000 Exception <a 'java/lang/ClassNotFoundException': com/wms/entity/BaseEntityBeanInfo> (0x000000077a22f5d8) thrown at [D:\re\puppet\workspace\8-2-build-windows-amd64-cygwin\jdk8u73\6086\hotspot\src\share\vm\classfile\systemDictionary.cpp, line 210]
Event: 246.238 Thread 0x000000002a369000 Exception <a 'java/lang/ClassNotFoundException': com/wms/entity/BaseEntityCustomizer> (0x000000077a2525d0) thrown at [D:\re\puppet\workspace\8-2-build-windows-amd64-cygwin\jdk8u73\6086\hotspot\src\share\vm\classfile\systemDictionary.cpp, line 210]
Event: 246.241 Thread 0x000000002a369000 Exception <a 'java/lang/ClassNotFoundException': com/wms/entity/auto/InboundDetailTEntityCustomizer> (0x000000077a288bc8) thrown at [D:\re\puppet\workspace\8-2-build-windows-amd64-cygwin\jdk8u73\6086\hotspot\src\share\vm\classfile\systemDictionary.cpp, lin
Event: 246.245 Thread 0x000000002a369000 Exception <a 'java/lang/ClassNotFoundException': com/wms/vo/inbound/InboundDetailVOBeanInfo> (0x000000077afef1c8) thrown at [D:\re\puppet\workspace\8-2-build-windows-amd64-cygwin\jdk8u73\6086\hotspot\src\share\vm\classfile\systemDictionary.cpp, line 210]
Event: 246.247 Thread 0x000000002a369000 Exception <a 'java/lang/ClassNotFoundException': com/wms/entity/auto/InboundDetailTEntityBeanInfo> (0x000000077b017318) thrown at [D:\re\puppet\workspace\8-2-build-windows-amd64-cygwin\jdk8u73\6086\hotspot\src\share\vm\classfile\systemDictionary.cpp, line ^
S«n@
Event: 246.248 Thread 0x000000002a369000 Exception <a 'java/lang/ClassNotFoundException': com/wms/entity/BaseEntityBeanInfo> (0x000000077b038470) thrown at [D:\re\puppet\workspace\8-2-build-windows-amd64-cygwin\jdk8u73\6086\hotspot\src\share\vm\classfile\systemDictionary.cpp, line 210]
Event: 246.249 Thread 0x000000002a369000 Exception <a 'java/lang/ClassNotFoundException': com/wms/entity/BaseEntityCustomizer> (0x000000077b05b0a8) thrown at [D:\re\puppet\workspace\8-2-build-windows-amd64-cygwin\jdk8u73\6086\hotspot\src\share\vm\classfile\systemDictionary.cpp, line 210]
Event: 246.251 Thread 0x000000002a369000 Exception <a 'java/lang/ClassNotFoundException': com/wms/entity/auto/InboundDetailTEntityCustomizer> (0x000000077b090450) thrown at [D:\re\puppet\workspace\8-2-build-windows-amd64-cygwin\jdk8u73\6086\hotspot\src\share\vm\classfile\systemDictionary.cpp, lin˝ên∞"»n@
Event: 246.254 Thread 0x000000002a369000 Exception <a 'java/lang/ClassNotFoundException': com/wms/vo/inbound/InboundDetailVOCustomizer> (0x000000077b1411f8) thrown at [D:\re\puppet\workspace\8-2-build-windows-amd64-cygwin\jdk8u73\6086\hotspot\src\share\vm\classfile\systemDictionary.cpp, line 210]°±Lï 5q@
Event: 275.320 Thread 0x0000000028f4f000 Exception <a 'java/lang/ArrayIndexOutOfBoundsException': 72> (0x000000077503d9c8) thrown at [D:\re\puppet\workspace\8-2-build-windows-amd64-cygwin\jdk8u73\6086\hotspot\src\share\vm\interpreter\interpreterRuntime.cpp, line 366]

Events (10 events):
Event: 289.950 Executing VM operation: ChangeBreakpoints
Event: 289.950 Executing VM operation: ChangeBreakpoints done
Event: 291.359 Executing VM operation: ChangeBreakpoints
Event: 291.361 Executing VM operation: ChangeBreakpoints done
Event: 320.261 Executing VM operation: RedefineClasses
Event: 320.343 Executing VM operation: RedefineClasses done
Event: 320.385 Executing VM operation: ChangeBreakpoints
Event: 320.392 Executing VM operation: ChangeBreakpoints done
Event: 334.542 Executing VM operation: RedefineClasses
Event: 334.612 Executing VM operation: RedefineClasses done


Dynamic libraries:
0x000000013f140000 - 0x000000013f177000 	D:\soft\java\jdk1.8.0_73\bin\javaw.exe
0x00000000770e0000 - 0x000000007727f000 	C:\Windows\SYSTEM32\ntdll.dll
0x0000000076ec0000 - 0x0000000076fdf000 	C:\Windows\system32\kernel32.dll
0x000007fefcc70000 - 0x000007fefccd7000 	C:\Windows\system32\KERNELBASE.dll
0x000007feff2f0000 - 0x000007feff3cb000 	C:\Windows\system32\ADVAPI32.dll
0x000007fefda80000 - 0x000007fefdb1f000 	C:\Windows\system32\msvcrt.dll
0x000007fefe140000 - 0x000007fefe15f000 	C:\Windows\SYSTEM32\sechost.dll
0x000007fefdff0000 - 0x000007fefe11c000 	C:\Windows\system32\RPCRT4.dll
0x0000000076fe0000 - 0x00000000770da000 	C:\Windows\system32\USER32.dll
0x000007fefdda0000 - 0x000007fefde07000 	C:\Windows\system32\GDI32.dll
0x000007fefe120000 - 0x000007fefe12e000 	C:\Windows\system32\LPK.dll
0x000007fefdcd0000 - 0x000007fefdd9b000 	C:\Windows\system32\USP10.dll
0x000007fefb5c0000 - 0x000007fefb7b5000 	C:\Windows\WinSxS\amd64_microsoft.windows.common-controls_6595b64144ccf1df_6.0.7601.24483_none_e372d88f30fbb845\COMCTL32.dll
0x000007fefd350000 - 0x000007fefd3c1000 	C:\Windows\system32\SHLWAPI.dll
0x000007fefdca0000 - 0x000007fefdcce000 	C:\Windows\system32\IMM32.DLL
0x000007fefcff0000 - 0x000007fefd0fb000 	C:\Windows\system32\MSCTF.dll
0x000007fefcb60000 - 0x000007fefcb91000 	C:\Windows\system32\nvinitx.dll
0x000007fefcb50000 - 0x000007fefcb5c000 	C:\Windows\system32\VERSION.dll
0x0000000074050000 - 0x0000000074056000 	C:\Program Files\NVIDIA Corporation\CoProcManager\detoured.dll
0x000007fefb840000 - 0x000007fefb872000 	C:\Program Files\NVIDIA Corporation\CoProcManager\nvd3d9wrapx.dll
0x000007fefde10000 - 0x000007fefdfe7000 	C:\Windows\system32\SETUPAPI.dll
0x000007fefcdb0000 - 0x000007fefcde6000 	C:\Windows\system32\CFGMGR32.dll
0x000007fefef40000 - 0x000007feff01b000 	C:\Windows\system32\OLEAUT32.dll
0x000007fefd3d0000 - 0x000007fefd5cf000 	C:\Windows\system32\ole32.dll
0x000007fefcd90000 - 0x000007fefcdaa000 	C:\Windows\system32\DEVOBJ.dll
0x000007fefb810000 - 0x000007fefb832000 	C:\Program Files\NVIDIA Corporation\CoProcManager\nvdxgiwrapx.dll
0x000000005e800000 - 0x000000005e8d2000 	D:\soft\java\jdk1.8.0_73\jre\bin\msvcr100.dll
0x00000000698b0000 - 0x000000006a140000 	D:\soft\java\jdk1.8.0_73\jre\bin\server\jvm.dll
0x000007fef7570000 - 0x000007fef7579000 	C:\Windows\system32\WSOCK32.dll
0x000007fefeef0000 - 0x000007fefef3d000 	C:\Windows\system32\WS2_32.dll
0x000007fefe130000 - 0x000007fefe138000 	C:\Windows\system32\NSI.dll
0x000007fefa490000 - 0x000007fefa4cb000 	C:\Windows\system32\WINMM.dll
0x0000000077290000 - 0x0000000077297000 	C:\Windows\system32\PSAPI.DLL
0x000000006a2e0000 - 0x000000006a2ef000 	D:\soft\java\jdk1.8.0_73\jre\bin\verify.dll
0x000000006a2b0000 - 0x000000006a2d9000 	D:\soft\java\jdk1.8.0_73\jre\bin\java.dll
0x0000000061190000 - 0x00000000611c5000 	D:\soft\java\jdk1.8.0_73\jre\bin\jdwp.dll
0x0000000063c10000 - 0x0000000063c18000 	D:\soft\java\jdk1.8.0_73\jre\bin\npt.dll
0x0000000061160000 - 0x0000000061183000 	D:\soft\java\jdk1.8.0_73\jre\bin\instrument.dll
0x000000006a1b0000 - 0x000000006a1c6000 	D:\soft\java\jdk1.8.0_73\jre\bin\zip.dll
0x000007fefe160000 - 0x000007fefeeeb000 	C:\Windows\system32\SHELL32.dll
0x000007fefcc40000 - 0x000007fefcc4f000 	C:\Windows\system32\profapi.dll
0x00000000643f0000 - 0x00000000643f9000 	D:\soft\java\jdk1.8.0_73\jre\bin\dt_socket.dll
0x000007fef71d0000 - 0x000007fef71ff000 	C:\Program Files (x86)\Sangfor\SSL\ClientComponent3\SangforNspX64.dll
0x000007fefa560000 - 0x000007fefa575000 	C:\Windows\system32\NLAapi.dll
0x000007fef5630000 - 0x000007fef5645000 	C:\Windows\system32\napinsp.dll
0x000007fef5610000 - 0x000007fef5629000 	C:\Windows\system32\pnrpnsp.dll
0x000007fef5600000 - 0x000007fef560b000 	C:\Windows\System32\winrnr.dll
0x000007fef55f0000 - 0x000007fef5600000 	C:\Windows\system32\wshbth.dll
0x000007fef71b0000 - 0x000007fef71cb000 	C:\Windows\system32\PrxerNsp.dll
0x000007fefbd50000 - 0x000007fefbd53000 	C:\Windows\system32\api-ms-win-core-synch-l1-2-0.DLL
0x000007fefc320000 - 0x000007fefc375000 	C:\Windows\System32\mswsock.dll
0x000007fefc1a0000 - 0x000007fefc1fb000 	C:\Windows\system32\DNSAPI.dll
0x000000006e220000 - 0x000000006e246000 	C:\Program Files\Bonjour\mdnsNSP.dll
0x000007fefab30000 - 0x000007fefab57000 	C:\Windows\system32\Iphlpapi.DLL
0x000007fefab20000 - 0x000007fefab2b000 	C:\Windows\system32\WINNSI.DLL
0x000007fef9110000 - 0x000007fef9163000 	C:\Windows\System32\fwpuclnt.dll
0x000007fef6f20000 - 0x000007fef6f28000 	C:\Windows\system32\rasadhlp.dll
0x000007fefbc30000 - 0x000007fefbc37000 	C:\Windows\System32\wshtcpip.dll
0x0000000069750000 - 0x000000006976a000 	D:\soft\java\jdk1.8.0_73\jre\bin\net.dll
0x000007fefc310000 - 0x000007fefc317000 	C:\Windows\System32\wship6.dll
0x000007fef9090000 - 0x000007fef90a8000 	C:\Windows\system32\dhcpcsvc.DLL
0x000007fef9070000 - 0x000007fef9081000 	C:\Windows\system32\dhcpcsvc6.DLL
0x0000000063a20000 - 0x0000000063a2d000 	D:\soft\java\jdk1.8.0_73\jre\bin\management.dll
0x000000006a230000 - 0x000000006a241000 	D:\soft\java\jdk1.8.0_73\jre\bin\nio.dll
0x000007fefc380000 - 0x000007fefc398000 	C:\Windows\system32\CRYPTSP.dll
0x000007fefc080000 - 0x000007fefc0c7000 	C:\Windows\system32\rsaenh.dll
0x000007fefcdf0000 - 0x000007fefce0f000 	C:\Windows\system32\USERENV.dll
0x000007fefca40000 - 0x000007fefca4f000 	C:\Windows\system32\CRYPTBASE.dll
0x0000000063220000 - 0x0000000063244000 	D:\soft\java\jdk1.8.0_73\jre\bin\sunec.dll
0x00000000600f0000 - 0x0000000060288000 	D:\soft\java\jdk1.8.0_73\jre\bin\awt.dll
0x000007fefb500000 - 0x000007fefb556000 	C:\Windows\system32\uxtheme.dll
0x000007fefb080000 - 0x000007fefb098000 	C:\Windows\system32\dwmapi.dll
0x0000000061040000 - 0x0000000061087000 	D:\soft\java\jdk1.8.0_73\jre\bin\fontmanager.dll
0x0000000061110000 - 0x0000000061152000 	D:\soft\java\jdk1.8.0_73\jre\bin\t2k.dll
0x00000000639b0000 - 0x00000000639bb000 	D:\soft\java\jdk1.8.0_73\jre\bin\sunmscapi.dll
0x000007fefce10000 - 0x000007fefcf7d000 	C:\Windows\system32\CRYPT32.dll
0x000007fefcc30000 - 0x000007fefcc3f000 	C:\Windows\system32\MSASN1.dll
0x000007fef5750000 - 0x000007fef5875000 	C:\Windows\system32\dbghelp.dll

VM Arguments:
jvm_args: -agentlib:jdwp=transport=dt_socket,suspend=y,address=localhost:54222 -javaagent:D:\soft\java\eclipse\configuration\org.eclipse.osgi\411\0\.cp\lib\javaagent-shaded.jar -Dfile.encoding=UTF-8 
java_command: com.wms.startup.WmsApplication --spring.cloud.config.uri=http://10.88.17.111:8088/wms-config --spring.profiles.active=jbtlocal --wms.url.service=http://test.diftz.dj:8088/WMS-JBT --wms.url.file=http://127.0.0.1:8082/wms-file
java_class_path (initial): D:\develop\wms\workspace\wms\wms-startup-tomcat\target\classes;C:\Users\yechuankai.chnet\.m2\repository\org\springframework\boot\spring-boot-starter-tomcat\2.0.3.RELEASE\spring-boot-starter-tomcat-2.0.3.RELEASE.jar;C:\Users\yechuankai.chnet\.m2\repository\javax\annotation\javax.annotation-api\1.3.2\javax.annotation-api-1.3.2.jar;C:\Users\yechuankai.chnet\.m2\repository\org\apache\tomcat\embed\tomcat-embed-core\8.5.31\tomcat-embed-core-8.5.31.jar;C:\Users\yechuankai.chnet\.m2\repository\org\apache\tomcat\embed\tomcat-embed-el\8.5.31\tomcat-embed-el-8.5.31.jar;C:\Users\yechuankai.chnet\.m2\repository\org\apache\tomcat\embed\tomcat-embed-websocket\8.5.31\tomcat-embed-websocket-8.5.31.jar;D:\develop\wms\workspace\wms\wms-web\target\classes;D:\develop\wms\workspace\wms\wms-async\target\classes;D:\develop\wms\workspace\wms\wms-common\target\classes;C:\Users\yechuankai.chnet\.m2\repository\com\itfsw\mybatis-generator-plugin\1.3.1\mybatis-generator-plugin-1.3.1.jar;C:\Users\yechuankai.chnet\.m2\repository\org\freemarker\freemarker\2.3.26-incubating\freemarker-2.3.26-incubating.jar;C:\Users\yechuankai.chnet\.m2\repository\dom4j\dom4j\1.6.1\dom4j-1.6.1.jar;C:\Users\yechuankai.chnet\.m2\repository\xml-apis\xml-apis\1.0.b2\xml-apis-1.0.b2.jar;C:\Users\yechuankai.chnet\.m2\repository\org\mybatis\generator\mybatis-generator-core\1.3.7\mybatis-generator-core-1.3.7.jar;D:\develop\wms\workspace\wms\wms-dao\target\classes;D:\develop\wms\workspace\wms\wms-services\target\classes;C:\Users\yechuankai.chnet\.m2\repository\com\github\theborakompanioni\thymeleaf-extras-shiro\2.0.0\thymeleaf-extras-shiro-2.0.0.jar;C:\Users\yechuankai.chnet\.m2\repository\eu\bitwalker\UserAgentUtils\1.19\UserAgentUtils-1.19.jar;C:\Users\yechuankai.chnet\.m2\repository\com\github\penggle\kaptcha\2.3.2\kaptcha-2.3.2.jar;C:\Users\yechuankai.chnet\.m2\repository\javax\servlet\javax.servlet-api\3.1.0\javax.servlet-api-3.1.0.jar;C:\Users\yechuankai.chnet\.m2\repository\com\jhlabs\filte
Launcher Type: SUN_STANDARD

Environment Variables:
JAVA_HOME=D:\soft\java\jdk1.8.0_73
PATH=D:\soft\java\jdk1.8.0_73\jre\bin;D:/soft/java/jdk1.8.0_73/bin/../jre/bin/server;D:/soft/java/jdk1.8.0_73/bin/../jre/bin;D:/soft/java/jdk1.8.0_73/bin/../jre/lib/amd64;C:\Program Files (x86)\NetSarang\Xftp 6\;C:\Program Files (x86)\NetSarang\Xshell 6\;D:\soft\java\apache-maven-3.6.1\bin;D:\soft\java\apache-ant-1.10.6\bin;D:\soft\java\jdk1.8.0_73\bin;E:\app\yechuankai.chnet\product\11.2.0\client_1\bin;C:\Windows\system32;C:\Windows;C:\Windows\System32\Wbem;C:\Windows\System32\WindowsPowerShell\v1.0\;C:\Program Files\Lenovo\Fingerprint Manager Pro\;C:\Program Files (x86)\NVIDIA Corporation\PhysX\Common;d:\Program Files (x86)\Microsoft SQL Server\100\Tools\Binn\;d:\Program Files\Microsoft SQL Server\100\Tools\Binn\;d:\Program Files\Microsoft SQL Server\100\DTS\Binn\;d:\Program Files (x86)\Microsoft SQL Server\100\Tools\Binn\VSShell\Common7\IDE\;C:\Program Files (x86)\Microsoft Visual Studio 9.0\Common7\IDE\PrivateAssemblies\;d:\Program Files (x86)\Microsoft SQL Server\100\DTS\Binn\;C:\Program Files\TortoiseGit\bin;C:\Program Files\Git\cmd;D:\soft\java\eclipse;
USERNAME=yechuankai.chnet
OS=Windows_NT
PROCESSOR_IDENTIFIER=Intel64 Family 6 Model 61 Stepping 4, GenuineIntel



---------------  S Y S T E M  ---------------

OS: Windows 7 , 64 bit Build 7601 (6.1.7601.24524)

CPU:total 4 (2 cores per cpu, 2 threads per core) family 6 model 61 stepping 4, cmov, cx8, fxsr, mmx, sse, sse2, sse3, ssse3, sse4.1, sse4.2, popcnt, avx, avx2, aes, clmul, erms, rtm, 3dnowpref, lzcnt, ht, tsc, tscinvbit, bmi1, bmi2, adx

Memory: 4k page, physical 16465852k(6400636k free), swap 32929804k(20721220k free)

vm_info: Java HotSpot(TM) 64-Bit Server VM (25.73-b02) for windows-amd64 JRE (1.8.0_73-b02), built on Jan 29 2016 17:38:49 by "java_re" with MS VC++ 10.0 (VS2010)

time: Sun Nov 10 18:38:17 2019
elapsed time: 334 seconds (0d 0h 5m 34s)

